Epoch: [0][0/6]	Time 0.272 (0.272)	Data 0.063 (0.063)	Loss 0.7842 (0.7842)	MAE 2.776 (2.776)
Test: [0/1]	Time 0.075 (0.075)	Loss 0.7213 (0.7213)	MAE 2.554 (2.554)
 * MAE 2.554
Epoch: [1][0/6]	Time 0.210 (0.210)	Data 0.060 (0.060)	Loss 0.7224 (0.7224)	MAE 2.557 (2.557)
Test: [0/1]	Time 0.057 (0.057)	Loss 0.6990 (0.6990)	MAE 2.475 (2.475)
 * MAE 2.475
Epoch: [2][0/6]	Time 0.205 (0.205)	Data 0.059 (0.059)	Loss 0.6410 (0.6410)	MAE 2.269 (2.269)
Test: [0/1]	Time 0.134 (0.134)	Loss 0.6591 (0.6591)	MAE 2.333 (2.333)
 * MAE 2.333
Epoch: [3][0/6]	Time 0.214 (0.214)	Data 0.069 (0.069)	Loss 0.5059 (0.5059)	MAE 1.791 (1.791)
Test: [0/1]	Time 0.062 (0.062)	Loss 0.6219 (0.6219)	MAE 2.201 (2.201)
 * MAE 2.201
Epoch: [4][0/6]	Time 0.212 (0.212)	Data 0.059 (0.059)	Loss 0.4652 (0.4652)	MAE 1.647 (1.647)
Test: [0/1]	Time 0.067 (0.067)	Loss 0.5279 (0.5279)	MAE 1.869 (1.869)
 * MAE 1.869
Epoch: [5][0/6]	Time 0.315 (0.315)	Data 0.148 (0.148)	Loss 0.4477 (0.4477)	MAE 1.585 (1.585)
Test: [0/1]	Time 0.061 (0.061)	Loss 0.5122 (0.5122)	MAE 1.813 (1.813)
 * MAE 1.813
Epoch: [6][0/6]	Time 0.201 (0.201)	Data 0.063 (0.063)	Loss 0.3901 (0.3901)	MAE 1.381 (1.381)
Test: [0/1]	Time 0.061 (0.061)	Loss 0.5778 (0.5778)	MAE 2.045 (2.045)
 * MAE 2.045
Epoch: [7][0/6]	Time 0.282 (0.282)	Data 0.137 (0.137)	Loss 0.2916 (0.2916)	MAE 1.032 (1.032)
Test: [0/1]	Time 0.063 (0.063)	Loss 0.7005 (0.7005)	MAE 2.480 (2.480)
 * MAE 2.480
Epoch: [8][0/6]	Time 0.199 (0.199)	Data 0.059 (0.059)	Loss 0.3517 (0.3517)	MAE 1.245 (1.245)
Test: [0/1]	Time 0.061 (0.061)	Loss 0.3493 (0.3493)	MAE 1.237 (1.237)
 * MAE 1.237
Epoch: [9][0/6]	Time 0.216 (0.216)	Data 0.060 (0.060)	Loss 0.3392 (0.3392)	MAE 1.201 (1.201)
Test: [0/1]	Time 0.062 (0.062)	Loss 0.2956 (0.2956)	MAE 1.046 (1.046)
 * MAE 1.046
---------Evaluate Model on Test Set---------------
Test: [0/1]	Time 0.003 (0.003)	Loss 0.3559 (0.3559)	MAE 1.260 (1.260)
 ** MAE 1.260
