Epoch: [0][0/2]	Time 0.680 (0.680)	Data 0.151 (0.151)	Loss 0.8168 (0.8168)	MAE 2.101 (2.101)
Test: [0/1]	Time 0.070 (0.070)	Loss 0.7601 (0.7601)	MAE 1.955 (1.955)
 * MAE 1.955
Epoch: [1][0/2]	Time 0.745 (0.745)	Data 0.234 (0.234)	Loss 0.7811 (0.7811)	MAE 2.009 (2.009)
Test: [0/1]	Time 0.074 (0.074)	Loss 0.6847 (0.6847)	MAE 1.761 (1.761)
 * MAE 1.761
Epoch: [2][0/2]	Time 0.746 (0.746)	Data 0.235 (0.235)	Loss 0.7325 (0.7325)	MAE 1.884 (1.884)
Test: [0/1]	Time 0.071 (0.071)	Loss 0.7082 (0.7082)	MAE 1.822 (1.822)
 * MAE 1.822
Epoch: [3][0/2]	Time 0.630 (0.630)	Data 0.143 (0.143)	Loss 0.7043 (0.7043)	MAE 1.812 (1.812)
Test: [0/1]	Time 0.071 (0.071)	Loss 0.7349 (0.7349)	MAE 1.891 (1.891)
 * MAE 1.891
Epoch: [4][0/2]	Time 0.683 (0.683)	Data 0.165 (0.165)	Loss 0.7593 (0.7593)	MAE 1.953 (1.953)
Test: [0/1]	Time 0.078 (0.078)	Loss 0.7141 (0.7141)	MAE 1.837 (1.837)
 * MAE 1.837
Epoch: [5][0/2]	Time 0.775 (0.775)	Data 0.289 (0.289)	Loss 0.7113 (0.7113)	MAE 1.830 (1.830)
Test: [0/1]	Time 0.069 (0.069)	Loss 0.6912 (0.6912)	MAE 1.778 (1.778)
 * MAE 1.778
Epoch: [6][0/2]	Time 0.626 (0.626)	Data 0.151 (0.151)	Loss 0.7028 (0.7028)	MAE 1.808 (1.808)
Test: [0/1]	Time 0.070 (0.070)	Loss 0.6966 (0.6966)	MAE 1.792 (1.792)
 * MAE 1.792
Epoch: [7][0/2]	Time 0.624 (0.624)	Data 0.146 (0.146)	Loss 0.7042 (0.7042)	MAE 1.812 (1.812)
Test: [0/1]	Time 0.069 (0.069)	Loss 0.7034 (0.7034)	MAE 1.809 (1.809)
 * MAE 1.809
Epoch: [8][0/2]	Time 0.685 (0.685)	Data 0.213 (0.213)	Loss 0.6940 (0.6940)	MAE 1.785 (1.785)
Test: [0/1]	Time 0.080 (0.080)	Loss 0.6927 (0.6927)	MAE 1.782 (1.782)
 * MAE 1.782
Epoch: [9][0/2]	Time 0.741 (0.741)	Data 0.228 (0.228)	Loss 0.6924 (0.6924)	MAE 1.781 (1.781)
Test: [0/1]	Time 0.076 (0.076)	Loss 0.6833 (0.6833)	MAE 1.758 (1.758)
 * MAE 1.758
---------Evaluate Model on Test Set---------------
Test: [0/1]	Time 0.011 (0.011)	Loss 0.6008 (0.6008)	MAE 1.545 (1.545)
 ** MAE 1.545
